-------------------------------------------------------------------------------
Test set: com.example.demo.UserServiceTest
-------------------------------------------------------------------------------
Tests run: 8, Failures: 0, Errors: 8, Skipped: 0, Time elapsed: 6.066 s <<< FAILURE! - in com.example.demo.UserServiceTest
testFindAllUsers  Time elapsed: 0.484 s  <<< ERROR!
org.springframework.dao.InvalidDataAccessResourceUsageException: could not prepare statement; SQL [select u1_0.id,u1_0.age,u1_0.created_at,u1_0.email,u1_0.updated_at,u1_0.username from User u1_0]
	at com.example.demo.UserServiceTest.setUp(UserServiceTest.java:31)
Caused by: org.hibernate.exception.SQLGrammarException: could not prepare statement
	at com.example.demo.UserServiceTest.setUp(UserServiceTest.java:31)
Caused by: org.h2.jdbc.JdbcSQLSyntaxErrorException: 
Syntax error in SQL statement "select u1_0.id,u1_0.age,u1_0.created_at,u1_0.email,u1_0.updated_at,u1_0.username from [*]User u1_0"; expected "identifier"; SQL statement:
select u1_0.id,u1_0.age,u1_0.created_at,u1_0.email,u1_0.updated_at,u1_0.username from User u1_0 [42001-214]
	at com.example.demo.UserServiceTest.setUp(UserServiceTest.java:31)

testUpdateUser  Time elapsed: 0.008 s  <<< ERROR!
org.springframework.dao.InvalidDataAccessResourceUsageException: could not prepare statement; SQL [select u1_0.id,u1_0.age,u1_0.created_at,u1_0.email,u1_0.updated_at,u1_0.username from User u1_0]
	at com.example.demo.UserServiceTest.setUp(UserServiceTest.java:31)
Caused by: org.hibernate.exception.SQLGrammarException: could not prepare statement
	at com.example.demo.UserServiceTest.setUp(UserServiceTest.java:31)
Caused by: org.h2.jdbc.JdbcSQLSyntaxErrorException: 
Syntax error in SQL statement "select u1_0.id,u1_0.age,u1_0.created_at,u1_0.email,u1_0.updated_at,u1_0.username from [*]User u1_0"; expected "identifier"; SQL statement:
select u1_0.id,u1_0.age,u1_0.created_at,u1_0.email,u1_0.updated_at,u1_0.username from User u1_0 [42001-214]
	at com.example.demo.UserServiceTest.setUp(UserServiceTest.java:31)

testFindByUsername  Time elapsed: 0.009 s  <<< ERROR!
org.springframework.dao.InvalidDataAccessResourceUsageException: could not prepare statement; SQL [select u1_0.id,u1_0.age,u1_0.created_at,u1_0.email,u1_0.updated_at,u1_0.username from User u1_0]
	at com.example.demo.UserServiceTest.setUp(UserServiceTest.java:31)
Caused by: org.hibernate.exception.SQLGrammarException: could not prepare statement
	at com.example.demo.UserServiceTest.setUp(UserServiceTest.java:31)
Caused by: org.h2.jdbc.JdbcSQLSyntaxErrorException: 
Syntax error in SQL statement "select u1_0.id,u1_0.age,u1_0.created_at,u1_0.email,u1_0.updated_at,u1_0.username from [*]User u1_0"; expected "identifier"; SQL statement:
select u1_0.id,u1_0.age,u1_0.created_at,u1_0.email,u1_0.updated_at,u1_0.username from User u1_0 [42001-214]
	at com.example.demo.UserServiceTest.setUp(UserServiceTest.java:31)

testExistsByUsername  Time elapsed: 0.007 s  <<< ERROR!
org.springframework.dao.InvalidDataAccessResourceUsageException: could not prepare statement; SQL [select u1_0.id,u1_0.age,u1_0.created_at,u1_0.email,u1_0.updated_at,u1_0.username from User u1_0]
	at com.example.demo.UserServiceTest.setUp(UserServiceTest.java:31)
Caused by: org.hibernate.exception.SQLGrammarException: could not prepare statement
	at com.example.demo.UserServiceTest.setUp(UserServiceTest.java:31)
Caused by: org.h2.jdbc.JdbcSQLSyntaxErrorException: 
Syntax error in SQL statement "select u1_0.id,u1_0.age,u1_0.created_at,u1_0.email,u1_0.updated_at,u1_0.username from [*]User u1_0"; expected "identifier"; SQL statement:
select u1_0.id,u1_0.age,u1_0.created_at,u1_0.email,u1_0.updated_at,u1_0.username from User u1_0 [42001-214]
	at com.example.demo.UserServiceTest.setUp(UserServiceTest.java:31)

testCreateUser  Time elapsed: 0.006 s  <<< ERROR!
org.springframework.dao.InvalidDataAccessResourceUsageException: could not prepare statement; SQL [select u1_0.id,u1_0.age,u1_0.created_at,u1_0.email,u1_0.updated_at,u1_0.username from User u1_0]
	at com.example.demo.UserServiceTest.setUp(UserServiceTest.java:31)
Caused by: org.hibernate.exception.SQLGrammarException: could not prepare statement
	at com.example.demo.UserServiceTest.setUp(UserServiceTest.java:31)
Caused by: org.h2.jdbc.JdbcSQLSyntaxErrorException: 
Syntax error in SQL statement "select u1_0.id,u1_0.age,u1_0.created_at,u1_0.email,u1_0.updated_at,u1_0.username from [*]User u1_0"; expected "identifier"; SQL statement:
select u1_0.id,u1_0.age,u1_0.created_at,u1_0.email,u1_0.updated_at,u1_0.username from User u1_0 [42001-214]
	at com.example.demo.UserServiceTest.setUp(UserServiceTest.java:31)

testDeleteUser  Time elapsed: 0.006 s  <<< ERROR!
org.springframework.dao.InvalidDataAccessResourceUsageException: could not prepare statement; SQL [select u1_0.id,u1_0.age,u1_0.created_at,u1_0.email,u1_0.updated_at,u1_0.username from User u1_0]
	at com.example.demo.UserServiceTest.setUp(UserServiceTest.java:31)
Caused by: org.hibernate.exception.SQLGrammarException: could not prepare statement
	at com.example.demo.UserServiceTest.setUp(UserServiceTest.java:31)
Caused by: org.h2.jdbc.JdbcSQLSyntaxErrorException: 
Syntax error in SQL statement "select u1_0.id,u1_0.age,u1_0.created_at,u1_0.email,u1_0.updated_at,u1_0.username from [*]User u1_0"; expected "identifier"; SQL statement:
select u1_0.id,u1_0.age,u1_0.created_at,u1_0.email,u1_0.updated_at,u1_0.username from User u1_0 [42001-214]
	at com.example.demo.UserServiceTest.setUp(UserServiceTest.java:31)

testGetUserById  Time elapsed: 0.007 s  <<< ERROR!
org.springframework.dao.InvalidDataAccessResourceUsageException: could not prepare statement; SQL [select u1_0.id,u1_0.age,u1_0.created_at,u1_0.email,u1_0.updated_at,u1_0.username from User u1_0]
	at com.example.demo.UserServiceTest.setUp(UserServiceTest.java:31)
Caused by: org.hibernate.exception.SQLGrammarException: could not prepare statement
	at com.example.demo.UserServiceTest.setUp(UserServiceTest.java:31)
Caused by: org.h2.jdbc.JdbcSQLSyntaxErrorException: 
Syntax error in SQL statement "select u1_0.id,u1_0.age,u1_0.created_at,u1_0.email,u1_0.updated_at,u1_0.username from [*]User u1_0"; expected "identifier"; SQL statement:
select u1_0.id,u1_0.age,u1_0.created_at,u1_0.email,u1_0.updated_at,u1_0.username from User u1_0 [42001-214]
	at com.example.demo.UserServiceTest.setUp(UserServiceTest.java:31)

testGetUserByIdNotFound  Time elapsed: 0.008 s  <<< ERROR!
org.springframework.dao.InvalidDataAccessResourceUsageException: could not prepare statement; SQL [select u1_0.id,u1_0.age,u1_0.created_at,u1_0.email,u1_0.updated_at,u1_0.username from User u1_0]
	at com.example.demo.UserServiceTest.setUp(UserServiceTest.java:31)
Caused by: org.hibernate.exception.SQLGrammarException: could not prepare statement
	at com.example.demo.UserServiceTest.setUp(UserServiceTest.java:31)
Caused by: org.h2.jdbc.JdbcSQLSyntaxErrorException: 
Syntax error in SQL statement "select u1_0.id,u1_0.age,u1_0.created_at,u1_0.email,u1_0.updated_at,u1_0.username from [*]User u1_0"; expected "identifier"; SQL statement:
select u1_0.id,u1_0.age,u1_0.created_at,u1_0.email,u1_0.updated_at,u1_0.username from User u1_0 [42001-214]
	at com.example.demo.UserServiceTest.setUp(UserServiceTest.java:31)

